<?xml version="1.0" encoding="UTF-8"?>
<!-- Generated by org.testng.reporters.JUnitXMLReporter -->
<testsuite ignored="0" hostname="DESKTOP-3KKJS15" failures="0" tests="2" name="Default test" time="72.166" errors="0" timestamp="2023-08-18T08:00:58 IST">
  <testcase classname="TEST.CreateCampaign" name="CreateCampaign" time="11.145">
    <skipped/>
  </testcase> <!-- CreateCampaign -->
  <testcase classname="TEST.CreateCampaign" name="CreateCampaign" time="29.586"/>
</testsuite> <!-- Default test -->
